[2021-05-23 09:42:26,604] {taskinstance.py:851} INFO - Dependencies all met for <TaskInstance: Automated_informants_veracity_check.comparison 2021-05-23T09:41:25.546863+00:00 [queued]>
[2021-05-23 09:42:26,628] {taskinstance.py:851} INFO - Dependencies all met for <TaskInstance: Automated_informants_veracity_check.comparison 2021-05-23T09:41:25.546863+00:00 [queued]>
[2021-05-23 09:42:26,629] {taskinstance.py:1042} INFO - 
--------------------------------------------------------------------------------
[2021-05-23 09:42:26,629] {taskinstance.py:1043} INFO - Starting attempt 1 of 2
[2021-05-23 09:42:26,629] {taskinstance.py:1044} INFO - 
--------------------------------------------------------------------------------
[2021-05-23 09:42:26,645] {taskinstance.py:1063} INFO - Executing <Task(PythonOperator): comparison> on 2021-05-23T09:41:25.546863+00:00
[2021-05-23 09:42:26,651] {standard_task_runner.py:52} INFO - Started process 40 to run task
[2021-05-23 09:42:26,660] {standard_task_runner.py:76} INFO - Running: ['airflow', 'tasks', 'run', 'Automated_informants_veracity_check', 'comparison', '2021-05-23T09:41:25.546863+00:00', '--job-id', '21', '--pool', 'default_pool', '--raw', '--subdir', 'DAGS_FOLDER/elDagg.py', '--cfg-path', '/tmp/tmp9mcyow5u', '--error-file', '/tmp/tmpbv66_c0w']
[2021-05-23 09:42:26,661] {standard_task_runner.py:77} INFO - Job 21: Subtask comparison
[2021-05-23 09:42:26,731] {logging_mixin.py:104} INFO - Running <TaskInstance: Automated_informants_veracity_check.comparison 2021-05-23T09:41:25.546863+00:00 [running]> on host 16dfb71e69f3
[2021-05-23 09:42:26,801] {taskinstance.py:1257} INFO - Exporting the following env vars:
AIRFLOW_CTX_DAG_OWNER=refai
AIRFLOW_CTX_DAG_ID=Automated_informants_veracity_check
AIRFLOW_CTX_TASK_ID=comparison
AIRFLOW_CTX_EXECUTION_DATE=2021-05-23T09:41:25.546863+00:00
AIRFLOW_CTX_DAG_RUN_ID=scheduled__2021-05-23T09:41:25.546863+00:00
[2021-05-23 09:42:26,881] {python.py:118} INFO - Done. Returned value was: None
[2021-05-23 09:42:26,897] {taskinstance.py:1166} INFO - Marking task as SUCCESS. dag_id=Automated_informants_veracity_check, task_id=comparison, execution_date=20210523T094125, start_date=20210523T094226, end_date=20210523T094226
[2021-05-23 09:42:26,934] {taskinstance.py:1220} INFO - 0 downstream tasks scheduled from follow-on schedule check
[2021-05-23 09:42:26,950] {local_task_job.py:146} INFO - Task exited with return code 0
