[2021-05-23 09:48:42,134] {taskinstance.py:851} INFO - Dependencies all met for <TaskInstance: Automated_informants_veracity_check.comparison 2021-05-23T09:47:40.579002+00:00 [queued]>
[2021-05-23 09:48:42,151] {taskinstance.py:851} INFO - Dependencies all met for <TaskInstance: Automated_informants_veracity_check.comparison 2021-05-23T09:47:40.579002+00:00 [queued]>
[2021-05-23 09:48:42,151] {taskinstance.py:1042} INFO - 
--------------------------------------------------------------------------------
[2021-05-23 09:48:42,151] {taskinstance.py:1043} INFO - Starting attempt 1 of 2
[2021-05-23 09:48:42,151] {taskinstance.py:1044} INFO - 
--------------------------------------------------------------------------------
[2021-05-23 09:48:42,160] {taskinstance.py:1063} INFO - Executing <Task(PythonOperator): comparison> on 2021-05-23T09:47:40.579002+00:00
[2021-05-23 09:48:42,165] {standard_task_runner.py:52} INFO - Started process 44 to run task
[2021-05-23 09:48:42,171] {standard_task_runner.py:76} INFO - Running: ['airflow', 'tasks', 'run', 'Automated_informants_veracity_check', 'comparison', '2021-05-23T09:47:40.579002+00:00', '--job-id', '23', '--pool', 'default_pool', '--raw', '--subdir', 'DAGS_FOLDER/elDagg.py', '--cfg-path', '/tmp/tmpysxhiu6j', '--error-file', '/tmp/tmpbc6nh6s6']
[2021-05-23 09:48:42,172] {standard_task_runner.py:77} INFO - Job 23: Subtask comparison
[2021-05-23 09:48:42,221] {logging_mixin.py:104} INFO - Running <TaskInstance: Automated_informants_veracity_check.comparison 2021-05-23T09:47:40.579002+00:00 [running]> on host 16dfb71e69f3
[2021-05-23 09:48:42,268] {taskinstance.py:1257} INFO - Exporting the following env vars:
AIRFLOW_CTX_DAG_OWNER=refai
AIRFLOW_CTX_DAG_ID=Automated_informants_veracity_check
AIRFLOW_CTX_TASK_ID=comparison
AIRFLOW_CTX_EXECUTION_DATE=2021-05-23T09:47:40.579002+00:00
AIRFLOW_CTX_DAG_RUN_ID=scheduled__2021-05-23T09:47:40.579002+00:00
[2021-05-23 09:48:42,358] {python.py:118} INFO - Done. Returned value was: None
[2021-05-23 09:48:42,378] {taskinstance.py:1166} INFO - Marking task as SUCCESS. dag_id=Automated_informants_veracity_check, task_id=comparison, execution_date=20210523T094740, start_date=20210523T094842, end_date=20210523T094842
[2021-05-23 09:48:42,437] {taskinstance.py:1220} INFO - 0 downstream tasks scheduled from follow-on schedule check
[2021-05-23 09:48:42,477] {local_task_job.py:146} INFO - Task exited with return code 0
