[2021-05-23 09:33:17,296] {taskinstance.py:851} INFO - Dependencies all met for <TaskInstance: Automated_informants_veracity_check.comparison 2021-05-23T09:32:15.455769+00:00 [queued]>
[2021-05-23 09:33:17,324] {taskinstance.py:851} INFO - Dependencies all met for <TaskInstance: Automated_informants_veracity_check.comparison 2021-05-23T09:32:15.455769+00:00 [queued]>
[2021-05-23 09:33:17,324] {taskinstance.py:1042} INFO - 
--------------------------------------------------------------------------------
[2021-05-23 09:33:17,324] {taskinstance.py:1043} INFO - Starting attempt 1 of 2
[2021-05-23 09:33:17,324] {taskinstance.py:1044} INFO - 
--------------------------------------------------------------------------------
[2021-05-23 09:33:17,344] {taskinstance.py:1063} INFO - Executing <Task(PythonOperator): comparison> on 2021-05-23T09:32:15.455769+00:00
[2021-05-23 09:33:17,351] {standard_task_runner.py:52} INFO - Started process 50 to run task
[2021-05-23 09:33:17,357] {standard_task_runner.py:76} INFO - Running: ['airflow', 'tasks', 'run', 'Automated_informants_veracity_check', 'comparison', '2021-05-23T09:32:15.455769+00:00', '--job-id', '14', '--pool', 'default_pool', '--raw', '--subdir', 'DAGS_FOLDER/elDagg.py', '--cfg-path', '/tmp/tmpy_uuxf8t', '--error-file', '/tmp/tmpwrxu9ljm']
[2021-05-23 09:33:17,357] {standard_task_runner.py:77} INFO - Job 14: Subtask comparison
[2021-05-23 09:33:17,429] {logging_mixin.py:104} INFO - Running <TaskInstance: Automated_informants_veracity_check.comparison 2021-05-23T09:32:15.455769+00:00 [running]> on host 3adeec45fab4
[2021-05-23 09:33:17,498] {taskinstance.py:1257} INFO - Exporting the following env vars:
AIRFLOW_CTX_DAG_OWNER=refai
AIRFLOW_CTX_DAG_ID=Automated_informants_veracity_check
AIRFLOW_CTX_TASK_ID=comparison
AIRFLOW_CTX_EXECUTION_DATE=2021-05-23T09:32:15.455769+00:00
AIRFLOW_CTX_DAG_RUN_ID=scheduled__2021-05-23T09:32:15.455769+00:00
[2021-05-23 09:33:17,525] {python.py:118} INFO - Done. Returned value was: None
[2021-05-23 09:33:17,548] {taskinstance.py:1166} INFO - Marking task as SUCCESS. dag_id=Automated_informants_veracity_check, task_id=comparison, execution_date=20210523T093215, start_date=20210523T093317, end_date=20210523T093317
[2021-05-23 09:33:17,685] {taskinstance.py:1220} INFO - 0 downstream tasks scheduled from follow-on schedule check
[2021-05-23 09:33:17,738] {local_task_job.py:146} INFO - Task exited with return code 0
