[2021-05-23 09:32:45,466] {taskinstance.py:851} INFO - Dependencies all met for <TaskInstance: Automated_informants_veracity_check.comparison 2021-05-23T09:31:15.455769+00:00 [queued]>
[2021-05-23 09:32:45,553] {taskinstance.py:851} INFO - Dependencies all met for <TaskInstance: Automated_informants_veracity_check.comparison 2021-05-23T09:31:15.455769+00:00 [queued]>
[2021-05-23 09:32:45,554] {taskinstance.py:1042} INFO - 
--------------------------------------------------------------------------------
[2021-05-23 09:32:45,554] {taskinstance.py:1043} INFO - Starting attempt 1 of 2
[2021-05-23 09:32:45,554] {taskinstance.py:1044} INFO - 
--------------------------------------------------------------------------------
[2021-05-23 09:32:45,713] {taskinstance.py:1063} INFO - Executing <Task(PythonOperator): comparison> on 2021-05-23T09:31:15.455769+00:00
[2021-05-23 09:32:45,746] {standard_task_runner.py:52} INFO - Started process 42 to run task
[2021-05-23 09:32:45,796] {standard_task_runner.py:76} INFO - Running: ['airflow', 'tasks', 'run', 'Automated_informants_veracity_check', 'comparison', '2021-05-23T09:31:15.455769+00:00', '--job-id', '10', '--pool', 'default_pool', '--raw', '--subdir', 'DAGS_FOLDER/elDagg.py', '--cfg-path', '/tmp/tmpdsj05nez', '--error-file', '/tmp/tmpc14vj1qv']
[2021-05-23 09:32:45,796] {standard_task_runner.py:77} INFO - Job 10: Subtask comparison
[2021-05-23 09:32:46,018] {logging_mixin.py:104} INFO - Running <TaskInstance: Automated_informants_veracity_check.comparison 2021-05-23T09:31:15.455769+00:00 [running]> on host 3adeec45fab4
[2021-05-23 09:32:46,193] {taskinstance.py:1257} INFO - Exporting the following env vars:
AIRFLOW_CTX_DAG_OWNER=refai
AIRFLOW_CTX_DAG_ID=Automated_informants_veracity_check
AIRFLOW_CTX_TASK_ID=comparison
AIRFLOW_CTX_EXECUTION_DATE=2021-05-23T09:31:15.455769+00:00
AIRFLOW_CTX_DAG_RUN_ID=scheduled__2021-05-23T09:31:15.455769+00:00
[2021-05-23 09:32:46,279] {python.py:118} INFO - Done. Returned value was: None
[2021-05-23 09:32:46,375] {taskinstance.py:1166} INFO - Marking task as SUCCESS. dag_id=Automated_informants_veracity_check, task_id=comparison, execution_date=20210523T093115, start_date=20210523T093245, end_date=20210523T093246
[2021-05-23 09:32:46,536] {taskinstance.py:1220} INFO - 1 downstream tasks scheduled from follow-on schedule check
[2021-05-23 09:32:46,601] {local_task_job.py:146} INFO - Task exited with return code 0
