[2021-05-23 09:50:41,834] {taskinstance.py:851} INFO - Dependencies all met for <TaskInstance: Automated_informants_veracity_check.comparison 2021-05-23T09:49:40.579002+00:00 [queued]>
[2021-05-23 09:50:41,858] {taskinstance.py:851} INFO - Dependencies all met for <TaskInstance: Automated_informants_veracity_check.comparison 2021-05-23T09:49:40.579002+00:00 [queued]>
[2021-05-23 09:50:41,858] {taskinstance.py:1042} INFO - 
--------------------------------------------------------------------------------
[2021-05-23 09:50:41,859] {taskinstance.py:1043} INFO - Starting attempt 1 of 2
[2021-05-23 09:50:41,859] {taskinstance.py:1044} INFO - 
--------------------------------------------------------------------------------
[2021-05-23 09:50:41,876] {taskinstance.py:1063} INFO - Executing <Task(PythonOperator): comparison> on 2021-05-23T09:49:40.579002+00:00
[2021-05-23 09:50:41,882] {standard_task_runner.py:52} INFO - Started process 48 to run task
[2021-05-23 09:50:41,892] {standard_task_runner.py:76} INFO - Running: ['airflow', 'tasks', 'run', 'Automated_informants_veracity_check', 'comparison', '2021-05-23T09:49:40.579002+00:00', '--job-id', '25', '--pool', 'default_pool', '--raw', '--subdir', 'DAGS_FOLDER/elDagg.py', '--cfg-path', '/tmp/tmp83gsh29w', '--error-file', '/tmp/tmpywz7avkr']
[2021-05-23 09:50:41,893] {standard_task_runner.py:77} INFO - Job 25: Subtask comparison
[2021-05-23 09:50:41,993] {logging_mixin.py:104} INFO - Running <TaskInstance: Automated_informants_veracity_check.comparison 2021-05-23T09:49:40.579002+00:00 [running]> on host 16dfb71e69f3
[2021-05-23 09:50:42,088] {taskinstance.py:1257} INFO - Exporting the following env vars:
AIRFLOW_CTX_DAG_OWNER=refai
AIRFLOW_CTX_DAG_ID=Automated_informants_veracity_check
AIRFLOW_CTX_TASK_ID=comparison
AIRFLOW_CTX_EXECUTION_DATE=2021-05-23T09:49:40.579002+00:00
AIRFLOW_CTX_DAG_RUN_ID=scheduled__2021-05-23T09:49:40.579002+00:00
[2021-05-23 09:50:42,184] {python.py:118} INFO - Done. Returned value was: None
[2021-05-23 09:50:42,200] {taskinstance.py:1166} INFO - Marking task as SUCCESS. dag_id=Automated_informants_veracity_check, task_id=comparison, execution_date=20210523T094940, start_date=20210523T095041, end_date=20210523T095042
[2021-05-23 09:50:42,232] {taskinstance.py:1220} INFO - 0 downstream tasks scheduled from follow-on schedule check
[2021-05-23 09:50:42,271] {local_task_job.py:146} INFO - Task exited with return code 0
