[2021-05-23 09:32:45,394] {taskinstance.py:851} INFO - Dependencies all met for <TaskInstance: Automated_informants_veracity_check.comparison 2021-05-23T09:22:55.707241+00:00 [queued]>
[2021-05-23 09:32:45,502] {taskinstance.py:851} INFO - Dependencies all met for <TaskInstance: Automated_informants_veracity_check.comparison 2021-05-23T09:22:55.707241+00:00 [queued]>
[2021-05-23 09:32:45,502] {taskinstance.py:1042} INFO - 
--------------------------------------------------------------------------------
[2021-05-23 09:32:45,502] {taskinstance.py:1043} INFO - Starting attempt 1 of 2
[2021-05-23 09:32:45,502] {taskinstance.py:1044} INFO - 
--------------------------------------------------------------------------------
[2021-05-23 09:32:45,569] {taskinstance.py:1063} INFO - Executing <Task(PythonOperator): comparison> on 2021-05-23T09:22:55.707241+00:00
[2021-05-23 09:32:45,617] {standard_task_runner.py:52} INFO - Started process 40 to run task
[2021-05-23 09:32:45,659] {standard_task_runner.py:76} INFO - Running: ['airflow', 'tasks', 'run', 'Automated_informants_veracity_check', 'comparison', '2021-05-23T09:22:55.707241+00:00', '--job-id', '8', '--pool', 'default_pool', '--raw', '--subdir', 'DAGS_FOLDER/elDagg.py', '--cfg-path', '/tmp/tmpcs7s_g46', '--error-file', '/tmp/tmppyk138me']
[2021-05-23 09:32:45,659] {standard_task_runner.py:77} INFO - Job 8: Subtask comparison
[2021-05-23 09:32:45,980] {logging_mixin.py:104} INFO - Running <TaskInstance: Automated_informants_veracity_check.comparison 2021-05-23T09:22:55.707241+00:00 [running]> on host 3adeec45fab4
[2021-05-23 09:32:46,182] {taskinstance.py:1257} INFO - Exporting the following env vars:
AIRFLOW_CTX_DAG_OWNER=refai
AIRFLOW_CTX_DAG_ID=Automated_informants_veracity_check
AIRFLOW_CTX_TASK_ID=comparison
AIRFLOW_CTX_EXECUTION_DATE=2021-05-23T09:22:55.707241+00:00
AIRFLOW_CTX_DAG_RUN_ID=scheduled__2021-05-23T09:22:55.707241+00:00
[2021-05-23 09:32:46,271] {python.py:118} INFO - Done. Returned value was: None
[2021-05-23 09:32:46,342] {taskinstance.py:1166} INFO - Marking task as SUCCESS. dag_id=Automated_informants_veracity_check, task_id=comparison, execution_date=20210523T092255, start_date=20210523T093245, end_date=20210523T093246
[2021-05-23 09:32:46,529] {taskinstance.py:1220} INFO - 1 downstream tasks scheduled from follow-on schedule check
[2021-05-23 09:32:46,590] {local_task_job.py:146} INFO - Task exited with return code 0
