[2021-05-23 09:32:49,564] {taskinstance.py:851} INFO - Dependencies all met for <TaskInstance: Automated_informants_veracity_check.insert_processed 2021-05-23T09:31:15.455769+00:00 [queued]>
[2021-05-23 09:32:49,656] {taskinstance.py:851} INFO - Dependencies all met for <TaskInstance: Automated_informants_veracity_check.insert_processed 2021-05-23T09:31:15.455769+00:00 [queued]>
[2021-05-23 09:32:49,656] {taskinstance.py:1042} INFO - 
--------------------------------------------------------------------------------
[2021-05-23 09:32:49,656] {taskinstance.py:1043} INFO - Starting attempt 1 of 2
[2021-05-23 09:32:49,656] {taskinstance.py:1044} INFO - 
--------------------------------------------------------------------------------
[2021-05-23 09:32:49,688] {taskinstance.py:1063} INFO - Executing <Task(PythonOperator): insert_processed> on 2021-05-23T09:31:15.455769+00:00
[2021-05-23 09:32:49,736] {standard_task_runner.py:76} INFO - Running: ['airflow', 'tasks', 'run', 'Automated_informants_veracity_check', 'insert_processed', '2021-05-23T09:31:15.455769+00:00', '--job-id', '11', '--pool', 'default_pool', '--raw', '--subdir', 'DAGS_FOLDER/elDagg.py', '--cfg-path', '/tmp/tmpjyckh4u6', '--error-file', '/tmp/tmpv8nqjzl7']
[2021-05-23 09:32:49,737] {standard_task_runner.py:77} INFO - Job 11: Subtask insert_processed
[2021-05-23 09:32:49,712] {standard_task_runner.py:52} INFO - Started process 46 to run task
[2021-05-23 09:32:49,898] {logging_mixin.py:104} INFO - Running <TaskInstance: Automated_informants_veracity_check.insert_processed 2021-05-23T09:31:15.455769+00:00 [running]> on host 3adeec45fab4
[2021-05-23 09:32:50,109] {taskinstance.py:1257} INFO - Exporting the following env vars:
AIRFLOW_CTX_DAG_OWNER=refai
AIRFLOW_CTX_DAG_ID=Automated_informants_veracity_check
AIRFLOW_CTX_TASK_ID=insert_processed
AIRFLOW_CTX_EXECUTION_DATE=2021-05-23T09:31:15.455769+00:00
AIRFLOW_CTX_DAG_RUN_ID=scheduled__2021-05-23T09:31:15.455769+00:00
[2021-05-23 09:32:50,113] {taskinstance.py:1455} ERROR - name 'df' is not defined
Traceback (most recent call last):
  File "/home/airflow/.local/lib/python3.6/site-packages/airflow/models/taskinstance.py", line 1112, in _run_raw_task
    self._prepare_and_execute_task_with_callbacks(context, task)
  File "/home/airflow/.local/lib/python3.6/site-packages/airflow/models/taskinstance.py", line 1285, in _prepare_and_execute_task_with_callbacks
    result = self._execute_task(context, task_copy)
  File "/home/airflow/.local/lib/python3.6/site-packages/airflow/models/taskinstance.py", line 1315, in _execute_task
    result = task_copy.execute(context=context)
  File "/home/airflow/.local/lib/python3.6/site-packages/airflow/operators/python.py", line 117, in execute
    return_value = self.execute_callable()
  File "/home/airflow/.local/lib/python3.6/site-packages/airflow/operators/python.py", line 128, in execute_callable
    return self.python_callable(*self.op_args, **self.op_kwargs)
  File "/opt/airflow/dags/elDagg.py", line 51, in inserttheProcessedTransformants
    df.to_sql('processed_informants', engine, if_exists='replace', index=False)
NameError: name 'df' is not defined
[2021-05-23 09:32:50,116] {taskinstance.py:1503} INFO - Marking task as UP_FOR_RETRY. dag_id=Automated_informants_veracity_check, task_id=insert_processed, execution_date=20210523T093115, start_date=20210523T093249, end_date=20210523T093250
[2021-05-23 09:32:50,251] {local_task_job.py:146} INFO - Task exited with return code 1
