[2021-05-23 09:19:08,378] {taskinstance.py:851} INFO - Dependencies all met for <TaskInstance: Automated_informants_veracity_check.insert_new 2021-05-23T09:17:46.677228+00:00 [queued]>
[2021-05-23 09:19:08,401] {taskinstance.py:851} INFO - Dependencies all met for <TaskInstance: Automated_informants_veracity_check.insert_new 2021-05-23T09:17:46.677228+00:00 [queued]>
[2021-05-23 09:19:08,401] {taskinstance.py:1042} INFO - 
--------------------------------------------------------------------------------
[2021-05-23 09:19:08,401] {taskinstance.py:1043} INFO - Starting attempt 1 of 2
[2021-05-23 09:19:08,401] {taskinstance.py:1044} INFO - 
--------------------------------------------------------------------------------
[2021-05-23 09:19:08,412] {taskinstance.py:1063} INFO - Executing <Task(PythonOperator): insert_new> on 2021-05-23T09:17:46.677228+00:00
[2021-05-23 09:19:08,416] {standard_task_runner.py:52} INFO - Started process 38 to run task
[2021-05-23 09:19:08,422] {standard_task_runner.py:76} INFO - Running: ['airflow', 'tasks', 'run', 'Automated_informants_veracity_check', 'insert_new', '2021-05-23T09:17:46.677228+00:00', '--job-id', '3', '--pool', 'default_pool', '--raw', '--subdir', 'DAGS_FOLDER/elDagg.py', '--cfg-path', '/tmp/tmp9mt4cyad', '--error-file', '/tmp/tmpg1f0vzh2']
[2021-05-23 09:19:08,423] {standard_task_runner.py:77} INFO - Job 3: Subtask insert_new
[2021-05-23 09:19:08,474] {logging_mixin.py:104} INFO - Running <TaskInstance: Automated_informants_veracity_check.insert_new 2021-05-23T09:17:46.677228+00:00 [running]> on host 2d6d6c72ae78
[2021-05-23 09:19:08,520] {taskinstance.py:1257} INFO - Exporting the following env vars:
AIRFLOW_CTX_DAG_OWNER=refai
AIRFLOW_CTX_DAG_ID=Automated_informants_veracity_check
AIRFLOW_CTX_TASK_ID=insert_new
AIRFLOW_CTX_EXECUTION_DATE=2021-05-23T09:17:46.677228+00:00
AIRFLOW_CTX_DAG_RUN_ID=scheduled__2021-05-23T09:17:46.677228+00:00
[2021-05-23 09:19:08,527] {taskinstance.py:1455} ERROR - [Errno 2] No such file or directory: 'new_informants.csv'
Traceback (most recent call last):
  File "/home/airflow/.local/lib/python3.6/site-packages/airflow/models/taskinstance.py", line 1112, in _run_raw_task
    self._prepare_and_execute_task_with_callbacks(context, task)
  File "/home/airflow/.local/lib/python3.6/site-packages/airflow/models/taskinstance.py", line 1285, in _prepare_and_execute_task_with_callbacks
    result = self._execute_task(context, task_copy)
  File "/home/airflow/.local/lib/python3.6/site-packages/airflow/models/taskinstance.py", line 1315, in _execute_task
    result = task_copy.execute(context=context)
  File "/home/airflow/.local/lib/python3.6/site-packages/airflow/operators/python.py", line 117, in execute
    return_value = self.execute_callable()
  File "/home/airflow/.local/lib/python3.6/site-packages/airflow/operators/python.py", line 128, in execute_callable
    return self.python_callable(*self.op_args, **self.op_kwargs)
  File "/opt/airflow/dags/elDagg.py", line 30, in insertNewInformants
    df = pd.read_csv('new_informants.csv')
  File "/home/airflow/.local/lib/python3.6/site-packages/pandas/io/parsers.py", line 688, in read_csv
    return _read(filepath_or_buffer, kwds)
  File "/home/airflow/.local/lib/python3.6/site-packages/pandas/io/parsers.py", line 454, in _read
    parser = TextFileReader(fp_or_buf, **kwds)
  File "/home/airflow/.local/lib/python3.6/site-packages/pandas/io/parsers.py", line 948, in __init__
    self._make_engine(self.engine)
  File "/home/airflow/.local/lib/python3.6/site-packages/pandas/io/parsers.py", line 1180, in _make_engine
    self._engine = CParserWrapper(self.f, **self.options)
  File "/home/airflow/.local/lib/python3.6/site-packages/pandas/io/parsers.py", line 2010, in __init__
    self._reader = parsers.TextReader(src, **kwds)
  File "pandas/_libs/parsers.pyx", line 382, in pandas._libs.parsers.TextReader.__cinit__
  File "pandas/_libs/parsers.pyx", line 674, in pandas._libs.parsers.TextReader._setup_parser_source
FileNotFoundError: [Errno 2] No such file or directory: 'new_informants.csv'
[2021-05-23 09:19:08,532] {taskinstance.py:1503} INFO - Marking task as UP_FOR_RETRY. dag_id=Automated_informants_veracity_check, task_id=insert_new, execution_date=20210523T091746, start_date=20210523T091908, end_date=20210523T091908
[2021-05-23 09:19:08,593] {local_task_job.py:146} INFO - Task exited with return code 1
